<?xml version="1.0" encoding="UTF-8"?>
<!-- Generated by org.testng.reporters.JUnitReportReporter -->
<testsuite skipped="0" hostname="Naveenkumar" name="com.coding.Runner.TestRunner" tests="9" failures="0" timestamp="2021-12-31T15:13:37 IST" time="142.067" errors="0">
  <testcase name="runScenario" time="14.259" classname="com.coding.Runner.TestRunner"/>
  <system-out/>
  <testcase name="runScenario" time="23.863" classname="com.coding.Runner.TestRunner"/>
  <system-out/>
  <testcase name="runScenario" time="15.258" classname="com.coding.Runner.TestRunner"/>
  <system-out/>
  <testcase name="runScenario" time="14.620" classname="com.coding.Runner.TestRunner"/>
  <system-out/>
  <testcase name="runScenario" time="8.941" classname="com.coding.Runner.TestRunner"/>
  <system-out/>
  <testcase name="runScenario" time="17.781" classname="com.coding.Runner.TestRunner"/>
  <system-out/>
  <testcase name="runScenario" time="15.365" classname="com.coding.Runner.TestRunner"/>
  <system-out/>
  <testcase name="runScenario" time="14.260" classname="com.coding.Runner.TestRunner"/>
  <system-out/>
  <testcase name="runScenario" time="17.720" classname="com.coding.Runner.TestRunner"/>
  <system-out/>
</testsuite> <!-- com.coding.Runner.TestRunner -->
